[2025-05-24 05:41:43] INFO: [Lote 2/3] Vehículos: ['281474985214514', '281474985251012', '281474985273793', '281474985935537', '281474989145452', '281474989447234', '281474989447252', '281474992703779', '281474992992431', '281474992992433', '281474992992552', '281474992996203', '281474995150482', '281474995276012', '281474995276074', '281474995276402', '281474995276403', '281474995276404', '281474995276405', '281474995511352']
[2025-05-24 05:41:43] INFO: [Página 1] Solicitando con cursor: None
[2025-05-24 05:41:44] INFO: [Página 1] Registros obtenidos: 10 | hasNext: False
[2025-05-24 05:41:44] INFO: [Lote 3/3] Vehículos: ['281474995511888']
[2025-05-24 05:41:44] INFO: [Página 1] Solicitando con cursor: None
[2025-05-24 05:41:45] INFO: [Página 1] Registros obtenidos: 0 | hasNext: False
[2025-05-24 05:41:45] INFO: [FUEL-ENERGY] Día 4/4: 2025-05-24T00:00:00.00-07:00 a 2025-05-24T23:59:59.99-07:00
[2025-05-24 05:41:45] INFO: [Lote 1/3] Vehículos: ['281474981704538', '281474981977227', '281474984421245', '281474984438177', '281474984440532', '281474984454844', '281474984466754', '281474984468469', '281474984471474', '281474984489038', '281474984490449', '281474984667006', '281474984692138', '281474984728012', '281474984779335', '281474984780699', '281474984796823', '281474984884925', '281474984917931', '281474984939926']
[2025-05-24 05:41:45] INFO: [Página 1] Solicitando con cursor: None
[2025-05-24 05:41:45] INFO: [Página 1] Registros obtenidos: 0 | hasNext: False
[2025-05-24 05:41:45] INFO: [Lote 2/3] Vehículos: ['281474985214514', '281474985251012', '281474985273793', '281474985935537', '281474989145452', '281474989447234', '281474989447252', '281474992703779', '281474992992431', '281474992992433', '281474992992552', '281474992996203', '281474995150482', '281474995276012', '281474995276074', '281474995276402', '281474995276403', '281474995276404', '281474995276405', '281474995511352']
[2025-05-24 05:41:45] INFO: [Página 1] Solicitando con cursor: None
[2025-05-24 05:41:46] INFO: [Página 1] Registros obtenidos: 0 | hasNext: False
[2025-05-24 05:41:46] INFO: [Lote 3/3] Vehículos: ['281474995511888']
[2025-05-24 05:41:46] INFO: [Página 1] Solicitando con cursor: None
[2025-05-24 05:41:46] INFO: [Página 1] Registros obtenidos: 0 | hasNext: False
[2025-05-24 05:41:46] INFO: [FUEL-ENERGY] Sincronización completa.
[2025-05-24 05:41:46] INFO: ---- FIN DE SINCRONIZACIÓN ----
[2025-05-24 05:41:51] ERROR: Error al editar el rango de fechas manualmente
Traceback (most recent call last):
  File "C:\Users\blodc\Documents\Panacea\Samsara_Combustible\systray_launcher_enhanced.py", line 201, in editar_fecha_manual
    logo = PhotoImage(file=resource_path("panacea_logo.png"))
           ^^^^^^^^^^^^^^^^^^^^^^^^^^^^^^^^^^^^^^^^^^^^^^^^^^
  File "C:\Python312\Lib\tkinter\__init__.py", line 4162, in __init__
    Image.__init__(self, 'photo', name, cnf, master, **kw)
  File "C:\Python312\Lib\tkinter\__init__.py", line 4109, in __init__
    self.tk.call(('image', 'create', imgtype, name,) + options)
RuntimeError: main thread is not in main loop
[2025-05-24 05:43:10] INFO: Cierre solicitado por el usuario.
[2025-05-24 05:43:15] INFO: Intervalo configurado en 720 minutos
[2025-05-24 05:43:15] INFO: Iniciando loop del scheduler...
[2025-05-24 05:43:15] INFO: ---- INICIO DE SINCRONIZACIÓN ----
[2025-05-24 05:43:15] INFO: Sincronizando catálogo de vehículos...
[2025-05-24 05:43:15] INFO: Icono cargado y systray en ejecución.
[2025-05-24 05:43:16] INFO: Catálogo sincronizado.
[2025-05-24 05:43:17] INFO: [AUTO] Sincronizando con fecha actual: 2025-05-24
[2025-05-24 05:43:17] INFO: [REPORTE] Fecha final es hoy. Ajustando fecha de inicio de reporte_combustible a 2025-05-21
[2025-05-24 05:43:17] INFO: Iniciando descarga de datos históricos de combustible...
[2025-05-24 05:43:17] INFO: [Día 1/1] Fecha: 2025-05-24
[2025-05-24 05:43:17] INFO: Procesando lote 1/5: ['281474981704538', '281474981977227', '281474984421245', '281474984438177', '281474984440532', '281474984454844', '281474984466754', '281474984468469', '281474984471474', '281474984489038']
[2025-05-24 05:43:17] INFO: [Página 1] Solicitando datos con cursor: None
[2025-05-24 05:43:18] INFO: [Página 1] Registros obtenidos: 2
[2025-05-24 05:43:18] INFO: [Página 1] hasNextPage = False | endCursor = 
[2025-05-24 05:43:18] INFO: [Página 1] Fin de paginación alcanzado.
[2025-05-24 05:43:18] INFO: [VEHÍCULO 281474984438177] 105 registros
[2025-05-24 05:43:18] INFO: [FINAL] Vehículo 281474984438177: 104 registros insertados
[2025-05-24 05:43:18] INFO: [VEHÍCULO 281474984440532] 71 registros
[2025-05-24 05:43:18] INFO: [FINAL] Vehículo 281474984440532: 70 registros insertados
[2025-05-24 05:43:18] INFO: Lote procesado correctamente. Esperando 0.5 segundos...
[2025-05-24 05:43:19] INFO: Procesando lote 2/5: ['281474984490449', '281474984667006', '281474984692138', '281474984728012', '281474984779335', '281474984780699', '281474984796823', '281474984884925', '281474984917931', '281474984939926']
[2025-05-24 05:43:19] INFO: [Página 1] Solicitando datos con cursor: None
[2025-05-24 05:43:20] INFO: [Página 1] Registros obtenidos: 5
[2025-05-24 05:43:20] INFO: [Página 1] hasNextPage = False | endCursor = 
[2025-05-24 05:43:20] INFO: [Página 1] Fin de paginación alcanzado.
[2025-05-24 05:43:20] INFO: [VEHÍCULO 281474984490449] 10 registros
[2025-05-24 05:43:20] INFO: [FINAL] Vehículo 281474984490449: 9 registros insertados
[2025-05-24 05:43:20] INFO: [VEHÍCULO 281474984667006] 2 registros
[2025-05-24 05:43:20] INFO: [FINAL] Vehículo 281474984667006: 1 registros insertados
[2025-05-24 05:43:20] INFO: [VEHÍCULO 281474984779335] 135 registros
[2025-05-24 05:43:20] INFO: [IGNORADO] Rebote post-recarga fuerte en 2025-05-24 07:56:32+00:00
[2025-05-24 05:43:20] INFO: [FINAL] Vehículo 281474984779335: 133 registros insertados
[2025-05-24 05:43:20] INFO: [VEHÍCULO 281474984780699] 13 registros
[2025-05-24 05:43:20] INFO: [FINAL] Vehículo 281474984780699: 12 registros insertados
[2025-05-24 05:43:20] INFO: [VEHÍCULO 281474984939926] 3 registros
[2025-05-24 05:43:20] INFO: [FINAL] Vehículo 281474984939926: 2 registros insertados
[2025-05-24 05:43:20] INFO: Lote procesado correctamente. Esperando 0.5 segundos...
[2025-05-24 05:43:20] INFO: Procesando lote 3/5: ['281474985214514', '281474985251012', '281474985273793', '281474985935537', '281474989145452', '281474989447234', '281474989447252', '281474992703779', '281474992992431', '281474992992433']
[2025-05-24 05:43:20] INFO: [Página 1] Solicitando datos con cursor: None
[2025-05-24 05:43:21] INFO: [Página 1] Registros obtenidos: 1
[2025-05-24 05:43:21] INFO: [Página 1] hasNextPage = False | endCursor = 
[2025-05-24 05:43:21] INFO: [Página 1] Fin de paginación alcanzado.
[2025-05-24 05:43:21] INFO: [VEHÍCULO 281474989145452] 11 registros
[2025-05-24 05:43:21] INFO: [FINAL] Vehículo 281474989145452: 10 registros insertados
[2025-05-24 05:43:21] INFO: Lote procesado correctamente. Esperando 0.5 segundos...
[2025-05-24 05:43:22] INFO: Procesando lote 4/5: ['281474992992552', '281474992996203', '281474995150482', '281474995276012', '281474995276074', '281474995276402', '281474995276403', '281474995276404', '281474995276405', '281474995511352']
[2025-05-24 05:43:22] INFO: [Página 1] Solicitando datos con cursor: None
[2025-05-24 05:43:23] INFO: [Página 1] Registros obtenidos: 2
[2025-05-24 05:43:23] INFO: [Página 1] hasNextPage = False | endCursor = 
[2025-05-24 05:43:23] INFO: [Página 1] Fin de paginación alcanzado.
[2025-05-24 05:43:23] INFO: [VEHÍCULO 281474995276074] 76 registros
[2025-05-24 05:43:23] INFO: [FINAL] Vehículo 281474995276074: 75 registros insertados
[2025-05-24 05:43:23] INFO: [VEHÍCULO 281474995276402] 71 registros
[2025-05-24 05:43:23] INFO: [FINAL] Vehículo 281474995276402: 70 registros insertados
[2025-05-24 05:43:23] INFO: Lote procesado correctamente. Esperando 0.5 segundos...
[2025-05-24 05:43:23] INFO: Procesando lote 5/5: ['281474995511888']
[2025-05-24 05:43:23] INFO: [Página 1] Solicitando datos con cursor: None
[2025-05-24 05:43:24] INFO: [Página 1] Registros obtenidos: 0
[2025-05-24 05:43:24] INFO: [Página 1] hasNextPage = False | endCursor = 
[2025-05-24 05:43:24] INFO: [Página 1] Fin de paginación alcanzado.
[2025-05-24 05:43:24] INFO: Lote procesado correctamente. Esperando 0.5 segundos...
[2025-05-24 05:43:24] INFO: ---- Desarrollo DE SINCRONIZACIÓN ----
[2025-05-24 05:43:24] INFO: [REPORTE] Intentando no insertar resumen diario del 2025-05-21 al 2025-05-24
[2025-05-24 05:43:24] INFO: [FUEL-ENERGY] Sincronizando resumen de combustible entre 2025-05-21 y 2025-05-24
[2025-05-24 05:43:25] INFO: [FUEL-ENERGY] Día 1/4: 2025-05-21T00:00:00.00-07:00 a 2025-05-21T23:59:59.99-07:00
[2025-05-24 05:43:25] INFO: [Lote 1/3] Vehículos: ['281474981704538', '281474981977227', '281474984421245', '281474984438177', '281474984440532', '281474984454844', '281474984466754', '281474984468469', '281474984471474', '281474984489038', '281474984490449', '281474984667006', '281474984692138', '281474984728012', '281474984779335', '281474984780699', '281474984796823', '281474984884925', '281474984917931', '281474984939926']
[2025-05-24 05:43:25] INFO: [Página 1] Solicitando con cursor: None
[2025-05-24 05:43:25] INFO: [Página 1] Registros obtenidos: 14 | hasNext: False
[2025-05-24 05:43:25] INFO: [Lote 2/3] Vehículos: ['281474985214514', '281474985251012', '281474985273793', '281474985935537', '281474989145452', '281474989447234', '281474989447252', '281474992703779', '281474992992431', '281474992992433', '281474992992552', '281474992996203', '281474995150482', '281474995276012', '281474995276074', '281474995276402', '281474995276403', '281474995276404', '281474995276405', '281474995511352']
[2025-05-24 05:43:26] INFO: [Página 1] Solicitando con cursor: None
[2025-05-24 05:43:27] INFO: [Página 1] Registros obtenidos: 13 | hasNext: False
[2025-05-24 05:43:27] INFO: [Lote 3/3] Vehículos: ['281474995511888']
[2025-05-24 05:43:27] INFO: [Página 1] Solicitando con cursor: None
[2025-05-24 05:43:27] INFO: [Página 1] Registros obtenidos: 1 | hasNext: False
[2025-05-24 05:43:27] INFO: [FUEL-ENERGY] Día 2/4: 2025-05-22T00:00:00.00-07:00 a 2025-05-22T23:59:59.99-07:00
[2025-05-24 05:43:27] INFO: [Lote 1/3] Vehículos: ['281474981704538', '281474981977227', '281474984421245', '281474984438177', '281474984440532', '281474984454844', '281474984466754', '281474984468469', '281474984471474', '281474984489038', '281474984490449', '281474984667006', '281474984692138', '281474984728012', '281474984779335', '281474984780699', '281474984796823', '281474984884925', '281474984917931', '281474984939926']
[2025-05-24 05:43:28] INFO: [Página 1] Solicitando con cursor: None
[2025-05-24 05:43:28] INFO: [Página 1] Registros obtenidos: 12 | hasNext: False
[2025-05-24 05:43:28] INFO: [Lote 2/3] Vehículos: ['281474985214514', '281474985251012', '281474985273793', '281474985935537', '281474989145452', '281474989447234', '281474989447252', '281474992703779', '281474992992431', '281474992992433', '281474992992552', '281474992996203', '281474995150482', '281474995276012', '281474995276074', '281474995276402', '281474995276403', '281474995276404', '281474995276405', '281474995511352']
[2025-05-24 05:43:28] INFO: [Página 1] Solicitando con cursor: None
[2025-05-24 05:43:29] INFO: [Página 1] Registros obtenidos: 12 | hasNext: False
[2025-05-24 05:43:29] INFO: [Lote 3/3] Vehículos: ['281474995511888']
[2025-05-24 05:43:29] INFO: [Página 1] Solicitando con cursor: None
[2025-05-24 05:43:30] INFO: [Página 1] Registros obtenidos: 1 | hasNext: False
[2025-05-24 05:43:30] INFO: [FUEL-ENERGY] Día 3/4: 2025-05-23T00:00:00.00-07:00 a 2025-05-23T23:59:59.99-07:00
[2025-05-24 05:43:30] INFO: [Lote 1/3] Vehículos: ['281474981704538', '281474981977227', '281474984421245', '281474984438177', '281474984440532', '281474984454844', '281474984466754', '281474984468469', '281474984471474', '281474984489038', '281474984490449', '281474984667006', '281474984692138', '281474984728012', '281474984779335', '281474984780699', '281474984796823', '281474984884925', '281474984917931', '281474984939926']
[2025-05-24 05:43:30] INFO: [Página 1] Solicitando con cursor: None
[2025-05-24 05:43:30] INFO: [Página 1] Registros obtenidos: 11 | hasNext: False
[2025-05-24 05:43:30] INFO: [Lote 2/3] Vehículos: ['281474985214514', '281474985251012', '281474985273793', '281474985935537', '281474989145452', '281474989447234', '281474989447252', '281474992703779', '281474992992431', '281474992992433', '281474992992552', '281474992996203', '281474995150482', '281474995276012', '281474995276074', '281474995276402', '281474995276403', '281474995276404', '281474995276405', '281474995511352']
[2025-05-24 05:43:30] INFO: [Página 1] Solicitando con cursor: None
[2025-05-24 05:43:31] INFO: [Página 1] Registros obtenidos: 10 | hasNext: False
[2025-05-24 05:43:31] INFO: [Lote 3/3] Vehículos: ['281474995511888']
[2025-05-24 05:43:31] INFO: [Página 1] Solicitando con cursor: None
[2025-05-24 05:43:32] INFO: [Página 1] Registros obtenidos: 0 | hasNext: False
[2025-05-24 05:43:32] INFO: [FUEL-ENERGY] Día 4/4: 2025-05-24T00:00:00.00-07:00 a 2025-05-24T23:59:59.99-07:00
[2025-05-24 05:43:32] INFO: [Lote 1/3] Vehículos: ['281474981704538', '281474981977227', '281474984421245', '281474984438177', '281474984440532', '281474984454844', '281474984466754', '281474984468469', '281474984471474', '281474984489038', '281474984490449', '281474984667006', '281474984692138', '281474984728012', '281474984779335', '281474984780699', '281474984796823', '281474984884925', '281474984917931', '281474984939926']
[2025-05-24 05:43:32] INFO: [Página 1] Solicitando con cursor: None
[2025-05-24 05:43:32] INFO: [Página 1] Registros obtenidos: 0 | hasNext: False
[2025-05-24 05:43:32] INFO: [Lote 2/3] Vehículos: ['281474985214514', '281474985251012', '281474985273793', '281474985935537', '281474989145452', '281474989447234', '281474989447252', '281474992703779', '281474992992431', '281474992992433', '281474992992552', '281474992996203', '281474995150482', '281474995276012', '281474995276074', '281474995276402', '281474995276403', '281474995276404', '281474995276405', '281474995511352']
[2025-05-24 05:43:33] INFO: [Página 1] Solicitando con cursor: None
[2025-05-24 05:43:33] INFO: [Página 1] Registros obtenidos: 0 | hasNext: False
[2025-05-24 05:43:33] INFO: [Lote 3/3] Vehículos: ['281474995511888']
[2025-05-24 05:43:34] INFO: [Página 1] Solicitando con cursor: None
[2025-05-24 05:43:34] INFO: [Página 1] Registros obtenidos: 0 | hasNext: False
[2025-05-24 05:43:34] INFO: [FUEL-ENERGY] Sincronización completa.
[2025-05-24 05:43:34] INFO: ---- FIN DE SINCRONIZACIÓN ----
[2025-05-24 05:43:37] INFO: [MANUAL] FECHA_CONSULTA_INICIO actualizada a 2025-05-24
[2025-05-24 05:43:37] INFO: [MANUAL] FECHA_CONSULTA_FIN actualizada a 2025-05-24
[2025-05-24 05:43:37] INFO: [DEBUG] FECHA_CONSULTA_INICIO leída: 2025-05-24
[2025-05-24 05:43:37] INFO: [DEBUG] FECHA_CONSULTA_FIN leída: 2025-05-24
[2025-05-24 05:43:37] INFO: ---- INICIO DE SINCRONIZACIÓN ----
[2025-05-24 05:43:37] INFO: Sincronizando catálogo de vehículos...
[2025-05-24 05:43:38] INFO: Catálogo sincronizado.
[2025-05-24 05:43:39] INFO: [MANUAL] Sincronizando con fechas: 2025-05-24 a 2025-05-24
[2025-05-24 05:43:39] INFO: [REPORTE] Fecha final es hoy. Ajustando fecha de inicio de reporte_combustible a 2025-05-21
[2025-05-24 05:43:39] INFO: Iniciando descarga de datos históricos de combustible...
[2025-05-24 05:43:39] INFO: [Día 1/1] Fecha: 2025-05-24
[2025-05-24 05:43:39] INFO: Procesando lote 1/5: ['281474981704538', '281474981977227', '281474984421245', '281474984438177', '281474984440532', '281474984454844', '281474984466754', '281474984468469', '281474984471474', '281474984489038']
[2025-05-24 05:43:39] INFO: [Página 1] Solicitando datos con cursor: None
[2025-05-24 05:43:40] INFO: [Página 1] Registros obtenidos: 2
[2025-05-24 05:43:40] INFO: [Página 1] hasNextPage = False | endCursor = 
[2025-05-24 05:43:40] INFO: [Página 1] Fin de paginación alcanzado.
[2025-05-24 05:43:40] INFO: [VEHÍCULO 281474984438177] 105 registros
[2025-05-24 05:43:40] INFO: [FINAL] Vehículo 281474984438177: 104 registros insertados
[2025-05-24 05:43:40] INFO: [VEHÍCULO 281474984440532] 71 registros
[2025-05-24 05:43:40] INFO: [FINAL] Vehículo 281474984440532: 70 registros insertados
[2025-05-24 05:43:40] INFO: Lote procesado correctamente. Esperando 0.5 segundos...
[2025-05-24 05:43:41] INFO: Procesando lote 2/5: ['281474984490449', '281474984667006', '281474984692138', '281474984728012', '281474984779335', '281474984780699', '281474984796823', '281474984884925', '281474984917931', '281474984939926']
[2025-05-24 05:43:41] INFO: [Página 1] Solicitando datos con cursor: None
[2025-05-24 05:43:42] INFO: [Página 1] Registros obtenidos: 5
[2025-05-24 05:43:42] INFO: [Página 1] hasNextPage = False | endCursor = 
[2025-05-24 05:43:42] INFO: [Página 1] Fin de paginación alcanzado.
[2025-05-24 05:43:42] INFO: [VEHÍCULO 281474984490449] 10 registros
[2025-05-24 05:43:42] INFO: [FINAL] Vehículo 281474984490449: 9 registros insertados
[2025-05-24 05:43:42] INFO: [VEHÍCULO 281474984667006] 2 registros
[2025-05-24 05:43:42] INFO: [FINAL] Vehículo 281474984667006: 1 registros insertados
[2025-05-24 05:43:42] INFO: [VEHÍCULO 281474984779335] 135 registros
[2025-05-24 05:43:42] INFO: [IGNORADO] Rebote post-recarga fuerte en 2025-05-24 07:56:32+00:00
[2025-05-24 05:43:42] INFO: [FINAL] Vehículo 281474984779335: 133 registros insertados
[2025-05-24 05:43:42] INFO: [VEHÍCULO 281474984780699] 13 registros
[2025-05-24 05:43:42] INFO: [FINAL] Vehículo 281474984780699: 12 registros insertados
[2025-05-24 05:43:42] INFO: [VEHÍCULO 281474984939926] 3 registros
[2025-05-24 05:43:42] INFO: [FINAL] Vehículo 281474984939926: 2 registros insertados
[2025-05-24 05:43:42] INFO: Lote procesado correctamente. Esperando 0.5 segundos...
[2025-05-24 05:43:42] INFO: Procesando lote 3/5: ['281474985214514', '281474985251012', '281474985273793', '281474985935537', '281474989145452', '281474989447234', '281474989447252', '281474992703779', '281474992992431', '281474992992433']
[2025-05-24 05:43:42] INFO: [Página 1] Solicitando datos con cursor: None
[2025-05-24 05:43:43] INFO: [Página 1] Registros obtenidos: 1
[2025-05-24 05:43:43] INFO: [Página 1] hasNextPage = False | endCursor = 
[2025-05-24 05:43:43] INFO: [Página 1] Fin de paginación alcanzado.
[2025-05-24 05:43:43] INFO: [VEHÍCULO 281474989145452] 11 registros
[2025-05-24 05:43:43] INFO: [FINAL] Vehículo 281474989145452: 10 registros insertados
[2025-05-24 05:43:43] INFO: Lote procesado correctamente. Esperando 0.5 segundos...
[2025-05-24 05:43:44] INFO: Procesando lote 4/5: ['281474992992552', '281474992996203', '281474995150482', '281474995276012', '281474995276074', '281474995276402', '281474995276403', '281474995276404', '281474995276405', '281474995511352']
[2025-05-24 05:43:44] INFO: [Página 1] Solicitando datos con cursor: None
[2025-05-24 05:43:44] INFO: [Página 1] Registros obtenidos: 2
[2025-05-24 05:43:44] INFO: [Página 1] hasNextPage = False | endCursor = 
[2025-05-24 05:43:44] INFO: [Página 1] Fin de paginación alcanzado.
[2025-05-24 05:43:44] INFO: [VEHÍCULO 281474995276074] 76 registros
[2025-05-24 05:43:44] INFO: [FINAL] Vehículo 281474995276074: 75 registros insertados
[2025-05-24 05:43:44] INFO: [VEHÍCULO 281474995276402] 71 registros
[2025-05-24 05:43:44] INFO: [FINAL] Vehículo 281474995276402: 70 registros insertados
[2025-05-24 05:43:44] INFO: Lote procesado correctamente. Esperando 0.5 segundos...
[2025-05-24 05:43:45] INFO: Procesando lote 5/5: ['281474995511888']
[2025-05-24 05:43:45] INFO: [Página 1] Solicitando datos con cursor: None
[2025-05-24 05:43:45] INFO: [Página 1] Registros obtenidos: 0
[2025-05-24 05:43:45] INFO: [Página 1] hasNextPage = False | endCursor = 
[2025-05-24 05:43:45] INFO: [Página 1] Fin de paginación alcanzado.
[2025-05-24 05:43:45] INFO: Lote procesado correctamente. Esperando 0.5 segundos...
[2025-05-24 05:43:46] INFO: ---- Desarrollo DE SINCRONIZACIÓN ----
[2025-05-24 05:43:46] INFO: [REPORTE] Intentando no insertar resumen diario del 2025-05-21 al 2025-05-24
[2025-05-24 05:43:46] INFO: [FUEL-ENERGY] Sincronizando resumen de combustible entre 2025-05-21 y 2025-05-24
[2025-05-24 05:43:46] INFO: [FUEL-ENERGY] Día 1/4: 2025-05-21T00:00:00.00-07:00 a 2025-05-21T23:59:59.99-07:00
[2025-05-24 05:43:46] INFO: [Lote 1/3] Vehículos: ['281474981704538', '281474981977227', '281474984421245', '281474984438177', '281474984440532', '281474984454844', '281474984466754', '281474984468469', '281474984471474', '281474984489038', '281474984490449', '281474984667006', '281474984692138', '281474984728012', '281474984779335', '281474984780699', '281474984796823', '281474984884925', '281474984917931', '281474984939926']
[2025-05-24 05:43:47] INFO: [Página 1] Solicitando con cursor: None
[2025-05-24 05:43:47] INFO: [Página 1] Registros obtenidos: 14 | hasNext: False
[2025-05-24 05:43:47] INFO: [Lote 2/3] Vehículos: ['281474985214514', '281474985251012', '281474985273793', '281474985935537', '281474989145452', '281474989447234', '281474989447252', '281474992703779', '281474992992431', '281474992992433', '281474992992552', '281474992996203', '281474995150482', '281474995276012', '281474995276074', '281474995276402', '281474995276403', '281474995276404', '281474995276405', '281474995511352']
[2025-05-24 05:43:48] INFO: [Página 1] Solicitando con cursor: None
[2025-05-24 05:43:49] INFO: [Página 1] Registros obtenidos: 13 | hasNext: False
[2025-05-24 05:43:49] INFO: [Lote 3/3] Vehículos: ['281474995511888']
[2025-05-24 05:43:49] INFO: [Página 1] Solicitando con cursor: None
[2025-05-24 05:43:49] INFO: [Página 1] Registros obtenidos: 1 | hasNext: False
[2025-05-24 05:43:49] INFO: [FUEL-ENERGY] Día 2/4: 2025-05-22T00:00:00.00-07:00 a 2025-05-22T23:59:59.99-07:00
[2025-05-24 05:43:49] INFO: [Lote 1/3] Vehículos: ['281474981704538', '281474981977227', '281474984421245', '281474984438177', '281474984440532', '281474984454844', '281474984466754', '281474984468469', '281474984471474', '281474984489038', '281474984490449', '281474984667006', '281474984692138', '281474984728012', '281474984779335', '281474984780699', '281474984796823', '281474984884925', '281474984917931', '281474984939926']
[2025-05-24 05:43:50] INFO: [Página 1] Solicitando con cursor: None
[2025-05-24 05:43:50] INFO: [Página 1] Registros obtenidos: 12 | hasNext: False
[2025-05-24 05:43:50] INFO: [Lote 2/3] Vehículos: ['281474985214514', '281474985251012', '281474985273793', '281474985935537', '281474989145452', '281474989447234', '281474989447252', '281474992703779', '281474992992431', '281474992992433', '281474992992552', '281474992996203', '281474995150482', '281474995276012', '281474995276074', '281474995276402', '281474995276403', '281474995276404', '281474995276405', '281474995511352']
[2025-05-24 05:43:50] INFO: [Página 1] Solicitando con cursor: None
[2025-05-24 05:43:51] INFO: [Página 1] Registros obtenidos: 12 | hasNext: False
[2025-05-24 05:43:51] INFO: [Lote 3/3] Vehículos: ['281474995511888']
[2025-05-24 05:43:51] INFO: [Página 1] Solicitando con cursor: None
[2025-05-24 05:43:51] INFO: [Página 1] Registros obtenidos: 1 | hasNext: False
[2025-05-24 05:43:51] INFO: [FUEL-ENERGY] Día 3/4: 2025-05-23T00:00:00.00-07:00 a 2025-05-23T23:59:59.99-07:00
[2025-05-24 05:43:51] INFO: [Lote 1/3] Vehículos: ['281474981704538', '281474981977227', '281474984421245', '281474984438177', '281474984440532', '281474984454844', '281474984466754', '281474984468469', '281474984471474', '281474984489038', '281474984490449', '281474984667006', '281474984692138', '281474984728012', '281474984779335', '281474984780699', '281474984796823', '281474984884925', '281474984917931', '281474984939926']
[2025-05-24 05:43:52] INFO: [Página 1] Solicitando con cursor: None
[2025-05-24 05:43:52] INFO: [Página 1] Registros obtenidos: 11 | hasNext: False
[2025-05-24 05:43:52] INFO: [Lote 2/3] Vehículos: ['281474985214514', '281474985251012', '281474985273793', '281474985935537', '281474989145452', '281474989447234', '281474989447252', '281474992703779', '281474992992431', '281474992992433', '281474992992552', '281474992996203', '281474995150482', '281474995276012', '281474995276074', '281474995276402', '281474995276403', '281474995276404', '281474995276405', '281474995511352']
[2025-05-24 05:43:52] INFO: [Página 1] Solicitando con cursor: None
[2025-05-24 05:43:53] INFO: [Página 1] Registros obtenidos: 10 | hasNext: False
[2025-05-24 05:43:53] INFO: [Lote 3/3] Vehículos: ['281474995511888']
[2025-05-24 05:43:53] INFO: [Página 1] Solicitando con cursor: None
[2025-05-24 05:43:54] INFO: [Página 1] Registros obtenidos: 0 | hasNext: False
[2025-05-24 05:43:54] INFO: [FUEL-ENERGY] Día 4/4: 2025-05-24T00:00:00.00-07:00 a 2025-05-24T23:59:59.99-07:00
[2025-05-24 05:43:54] INFO: [Lote 1/3] Vehículos: ['281474981704538', '281474981977227', '281474984421245', '281474984438177', '281474984440532', '281474984454844', '281474984466754', '281474984468469', '281474984471474', '281474984489038', '281474984490449', '281474984667006', '281474984692138', '281474984728012', '281474984779335', '281474984780699', '281474984796823', '281474984884925', '281474984917931', '281474984939926']
[2025-05-24 05:43:54] INFO: [Página 1] Solicitando con cursor: None
[2025-05-24 05:43:55] INFO: [Página 1] Registros obtenidos: 0 | hasNext: False
[2025-05-24 05:43:55] INFO: [Lote 2/3] Vehículos: ['281474985214514', '281474985251012', '281474985273793', '281474985935537', '281474989145452', '281474989447234', '281474989447252', '281474992703779', '281474992992431', '281474992992433', '281474992992552', '281474992996203', '281474995150482', '281474995276012', '281474995276074', '281474995276402', '281474995276403', '281474995276404', '281474995276405', '281474995511352']
[2025-05-24 05:43:55] INFO: [Página 1] Solicitando con cursor: None
[2025-05-24 05:43:55] INFO: [Página 1] Registros obtenidos: 0 | hasNext: False
[2025-05-24 05:43:55] INFO: [Lote 3/3] Vehículos: ['281474995511888']
[2025-05-24 05:43:55] INFO: [Página 1] Solicitando con cursor: None
[2025-05-24 05:43:56] INFO: [Página 1] Registros obtenidos: 0 | hasNext: False
[2025-05-24 05:43:56] INFO: [FUEL-ENERGY] Sincronización completa.
[2025-05-24 05:43:56] INFO: ---- FIN DE SINCRONIZACIÓN ----
[2025-05-24 05:44:01] INFO: Cierre solicitado por el usuario.
[2025-05-25 00:02:46] INFO: Intervalo configurado en 720 minutos
[2025-05-25 00:02:46] INFO: Iniciando loop del scheduler...
[2025-05-25 00:02:47] INFO: Icono cargado y systray en ejecución.
[2025-05-25 00:02:47] INFO: ---- Buscado Existencia de Base de Datos ----
[2025-05-25 00:02:48] INFO: ---- INICIO DE SINCRONIZACIÓN ----
[2025-05-25 00:02:48] INFO: Sincronizando catálogo de vehículos...
[2025-05-25 00:02:49] INFO: Catálogo sincronizado.
[2025-05-25 00:02:50] INFO: [AUTO] Sincronizando con fecha actual: 2025-05-25
[2025-05-25 00:02:50] INFO: [REPORTE] Fecha final es hoy. Ajustando fecha de inicio de reporte_combustible a 2025-05-22
[2025-05-25 00:02:50] INFO: Iniciando descarga de datos históricos de combustible...
[2025-05-25 00:02:50] INFO: [Día 1/1] Fecha: 2025-05-25
[2025-05-25 00:02:50] INFO: Procesando lote 1/5: ['281474981704538', '281474981977227', '281474984421245', '281474984438177', '281474984440532', '281474984454844', '281474984466754', '281474984468469', '281474984471474', '281474984489038']
[2025-05-25 00:02:50] INFO: [Página 1] Solicitando datos con cursor: None
[2025-05-25 00:02:51] INFO: [Página 1] Registros obtenidos: 2
[2025-05-25 00:02:51] INFO: [Página 1] hasNextPage = False | endCursor = 
[2025-05-25 00:02:51] INFO: [Página 1] Fin de paginación alcanzado.
[2025-05-25 00:02:51] INFO: [VEHÍCULO 281474984438177] 4 registros
[2025-05-25 00:02:51] INFO: [FINAL] Vehículo 281474984438177: 3 registros insertados
[2025-05-25 00:02:51] INFO: [VEHÍCULO 281474984440532] 1 registros
[2025-05-25 00:02:51] INFO: [FINAL] Vehículo 281474984440532: 0 registros insertados
[2025-05-25 00:02:51] INFO: Lote procesado correctamente. Esperando 0.5 segundos...
[2025-05-25 00:02:51] INFO: Procesando lote 2/5: ['281474984490449', '281474984667006', '281474984692138', '281474984728012', '281474984779335', '281474984780699', '281474984796823', '281474984884925', '281474984917931', '281474984939926']
[2025-05-25 00:02:51] INFO: [Página 1] Solicitando datos con cursor: None
[2025-05-25 00:02:52] INFO: [Página 1] Registros obtenidos: 2
[2025-05-25 00:02:52] INFO: [Página 1] hasNextPage = False | endCursor = 
[2025-05-25 00:02:52] INFO: [Página 1] Fin de paginación alcanzado.
[2025-05-25 00:02:52] INFO: [VEHÍCULO 281474984490449] 1 registros
[2025-05-25 00:02:52] INFO: [FINAL] Vehículo 281474984490449: 0 registros insertados
[2025-05-25 00:02:52] INFO: [VEHÍCULO 281474984780699] 1 registros
[2025-05-25 00:02:52] INFO: [FINAL] Vehículo 281474984780699: 0 registros insertados
[2025-05-25 00:02:52] INFO: Lote procesado correctamente. Esperando 0.5 segundos...
[2025-05-25 00:02:52] INFO: Procesando lote 3/5: ['281474985214514', '281474985251012', '281474985273793', '281474985935537', '281474989145452', '281474989447234', '281474989447252', '281474992703779', '281474992992431', '281474992992433']
[2025-05-25 00:02:52] INFO: [Página 1] Solicitando datos con cursor: None
[2025-05-25 00:02:53] INFO: [Página 1] Registros obtenidos: 0
[2025-05-25 00:02:53] INFO: [Página 1] hasNextPage = False | endCursor = 
[2025-05-25 00:02:53] INFO: [Página 1] Fin de paginación alcanzado.
[2025-05-25 00:02:53] INFO: Lote procesado correctamente. Esperando 0.5 segundos...
[2025-05-25 00:02:54] INFO: Procesando lote 4/5: ['281474992992552', '281474992996203', '281474995150482', '281474995276012', '281474995276074', '281474995276402', '281474995276403', '281474995276404', '281474995276405', '281474995511352']
[2025-05-25 00:02:54] INFO: [Página 1] Solicitando datos con cursor: None
[2025-05-25 00:02:54] INFO: [Página 1] Registros obtenidos: 1
[2025-05-25 00:02:54] INFO: [Página 1] hasNextPage = False | endCursor = 
[2025-05-25 00:02:54] INFO: [Página 1] Fin de paginación alcanzado.
[2025-05-25 00:02:54] INFO: [VEHÍCULO 281474995276074] 9 registros
[2025-05-25 00:02:54] INFO: [FINAL] Vehículo 281474995276074: 8 registros insertados
[2025-05-25 00:02:54] INFO: Lote procesado correctamente. Esperando 0.5 segundos...
[2025-05-25 00:02:55] INFO: Procesando lote 5/5: ['281474995511888']
[2025-05-25 00:02:55] INFO: [Página 1] Solicitando datos con cursor: None
[2025-05-25 00:02:56] INFO: [Página 1] Registros obtenidos: 1
[2025-05-25 00:02:56] INFO: [Página 1] hasNextPage = False | endCursor = 
[2025-05-25 00:02:56] INFO: [Página 1] Fin de paginación alcanzado.
[2025-05-25 00:02:56] INFO: [VEHÍCULO 281474995511888] 8 registros
[2025-05-25 00:02:56] INFO: [FINAL] Vehículo 281474995511888: 7 registros insertados
[2025-05-25 00:02:56] INFO: Lote procesado correctamente. Esperando 0.5 segundos...
[2025-05-25 00:02:56] INFO: ---- Desarrollo DE SINCRONIZACIÓN ----
[2025-05-25 00:02:56] INFO: [REPORTE] Intentando no insertar resumen diario del 2025-05-22 al 2025-05-25
[2025-05-25 00:02:56] INFO: [FUEL-ENERGY] Sincronizando resumen de combustible entre 2025-05-22 y 2025-05-25
[2025-05-25 00:02:56] INFO: [FUEL-ENERGY] Día 1/4: 2025-05-22T00:00:00.00-07:00 a 2025-05-22T23:59:59.99-07:00
[2025-05-25 00:02:56] INFO: [Lote 1/3] Vehículos: ['281474981704538', '281474981977227', '281474984421245', '281474984438177', '281474984440532', '281474984454844', '281474984466754', '281474984468469', '281474984471474', '281474984489038', '281474984490449', '281474984667006', '281474984692138', '281474984728012', '281474984779335', '281474984780699', '281474984796823', '281474984884925', '281474984917931', '281474984939926']
[2025-05-25 00:02:56] INFO: [Página 1] Solicitando con cursor: None
[2025-05-25 00:02:57] INFO: [Página 1] Registros obtenidos: 12 | hasNext: False
[2025-05-25 00:02:57] INFO: [Lote 2/3] Vehículos: ['281474985214514', '281474985251012', '281474985273793', '281474985935537', '281474989145452', '281474989447234', '281474989447252', '281474992703779', '281474992992431', '281474992992433', '281474992992552', '281474992996203', '281474995150482', '281474995276012', '281474995276074', '281474995276402', '281474995276403', '281474995276404', '281474995276405', '281474995511352']
[2025-05-25 00:02:57] INFO: [Página 1] Solicitando con cursor: None
[2025-05-25 00:02:58] INFO: [Página 1] Registros obtenidos: 12 | hasNext: False
[2025-05-25 00:02:58] INFO: [Lote 3/3] Vehículos: ['281474995511888']
[2025-05-25 00:02:58] INFO: [Página 1] Solicitando con cursor: None
[2025-05-25 00:02:58] INFO: [Página 1] Registros obtenidos: 1 | hasNext: False
[2025-05-25 00:02:58] INFO: [FUEL-ENERGY] Día 2/4: 2025-05-23T00:00:00.00-07:00 a 2025-05-23T23:59:59.99-07:00
[2025-05-25 00:02:58] INFO: [Lote 1/3] Vehículos: ['281474981704538', '281474981977227', '281474984421245', '281474984438177', '281474984440532', '281474984454844', '281474984466754', '281474984468469', '281474984471474', '281474984489038', '281474984490449', '281474984667006', '281474984692138', '281474984728012', '281474984779335', '281474984780699', '281474984796823', '281474984884925', '281474984917931', '281474984939926']
[2025-05-25 00:02:58] INFO: [Página 1] Solicitando con cursor: None
[2025-05-25 00:02:59] INFO: [Página 1] Registros obtenidos: 11 | hasNext: False
[2025-05-25 00:02:59] INFO: [Lote 2/3] Vehículos: ['281474985214514', '281474985251012', '281474985273793', '281474985935537', '281474989145452', '281474989447234', '281474989447252', '281474992703779', '281474992992431', '281474992992433', '281474992992552', '281474992996203', '281474995150482', '281474995276012', '281474995276074', '281474995276402', '281474995276403', '281474995276404', '281474995276405', '281474995511352']
[2025-05-25 00:02:59] INFO: [Página 1] Solicitando con cursor: None
[2025-05-25 00:02:59] INFO: [Página 1] Registros obtenidos: 10 | hasNext: False
[2025-05-25 00:02:59] INFO: [Lote 3/3] Vehículos: ['281474995511888']
[2025-05-25 00:03:00] INFO: [Página 1] Solicitando con cursor: None
[2025-05-25 00:03:00] INFO: [Página 1] Registros obtenidos: 0 | hasNext: False
[2025-05-25 00:03:00] INFO: [FUEL-ENERGY] Día 3/4: 2025-05-24T00:00:00.00-07:00 a 2025-05-24T23:59:59.99-07:00
[2025-05-25 00:03:00] INFO: [Lote 1/3] Vehículos: ['281474981704538', '281474981977227', '281474984421245', '281474984438177', '281474984440532', '281474984454844', '281474984466754', '281474984468469', '281474984471474', '281474984489038', '281474984490449', '281474984667006', '281474984692138', '281474984728012', '281474984779335', '281474984780699', '281474984796823', '281474984884925', '281474984917931', '281474984939926']
[2025-05-25 00:03:00] INFO: [Página 1] Solicitando con cursor: None
[2025-05-25 00:03:01] INFO: [Página 1] Registros obtenidos: 9 | hasNext: False
[2025-05-25 00:03:01] INFO: [Lote 2/3] Vehículos: ['281474985214514', '281474985251012', '281474985273793', '281474985935537', '281474989145452', '281474989447234', '281474989447252', '281474992703779', '281474992992431', '281474992992433', '281474992992552', '281474992996203', '281474995150482', '281474995276012', '281474995276074', '281474995276402', '281474995276403', '281474995276404', '281474995276405', '281474995511352']
[2025-05-25 00:03:01] INFO: [Página 1] Solicitando con cursor: None
[2025-05-25 00:03:01] INFO: [Página 1] Registros obtenidos: 7 | hasNext: False
[2025-05-25 00:03:01] INFO: [Lote 3/3] Vehículos: ['281474995511888']
[2025-05-25 00:03:01] INFO: [Página 1] Solicitando con cursor: None
[2025-05-25 00:03:02] INFO: [Página 1] Registros obtenidos: 0 | hasNext: False
[2025-05-25 00:03:02] INFO: [FUEL-ENERGY] Día 4/4: 2025-05-25T00:00:00.00-07:00 a 2025-05-25T23:59:59.99-07:00
[2025-05-25 00:03:02] INFO: [Lote 1/3] Vehículos: ['281474981704538', '281474981977227', '281474984421245', '281474984438177', '281474984440532', '281474984454844', '281474984466754', '281474984468469', '281474984471474', '281474984489038', '281474984490449', '281474984667006', '281474984692138', '281474984728012', '281474984779335', '281474984780699', '281474984796823', '281474984884925', '281474984917931', '281474984939926']
[2025-05-25 00:03:02] INFO: [Página 1] Solicitando con cursor: None
[2025-05-25 00:03:03] INFO: [Página 1] Registros obtenidos: 0 | hasNext: False
[2025-05-25 00:03:03] INFO: [Lote 2/3] Vehículos: ['281474985214514', '281474985251012', '281474985273793', '281474985935537', '281474989145452', '281474989447234', '281474989447252', '281474992703779', '281474992992431', '281474992992433', '281474992992552', '281474992996203', '281474995150482', '281474995276012', '281474995276074', '281474995276402', '281474995276403', '281474995276404', '281474995276405', '281474995511352']
[2025-05-25 00:03:03] INFO: [Página 1] Solicitando con cursor: None
[2025-05-25 00:03:03] INFO: [Página 1] Registros obtenidos: 0 | hasNext: False
[2025-05-25 00:03:03] INFO: [Lote 3/3] Vehículos: ['281474995511888']
[2025-05-25 00:03:03] INFO: [Página 1] Solicitando con cursor: None
[2025-05-25 00:03:04] INFO: [Página 1] Registros obtenidos: 0 | hasNext: False
[2025-05-25 00:03:04] INFO: [FUEL-ENERGY] Sincronización completa.
[2025-05-25 00:03:04] INFO: ---- FIN DE SINCRONIZACIÓN ----
[2025-05-25 00:06:00] INFO: Cierre solicitado por el usuario.
[2025-05-25 00:12:03] INFO: Intervalo configurado en 720 minutos
[2025-05-25 00:12:03] INFO: Iniciando loop del scheduler...
[2025-05-25 00:12:03] INFO: ---- Buscado Existencia de Base de Datos ----
[2025-05-25 00:12:03] INFO: Icono cargado y systray en ejecución.
[2025-05-25 00:12:03] INFO: ---- INICIO DE SINCRONIZACIÓN ----
[2025-05-25 00:12:03] INFO: Sincronizando catálogo de vehículos...
[2025-05-25 00:12:04] INFO: Catálogo sincronizado.
[2025-05-25 00:12:04] INFO: [AUTO] Sincronizando con fecha actual: 2025-05-25
[2025-05-25 00:12:04] INFO: [REPORTE] Fecha final es hoy. Ajustando fecha de inicio de reporte_combustible a 2025-05-22
[2025-05-25 00:12:04] INFO: Iniciando descarga de datos históricos de combustible...
[2025-05-25 00:12:04] INFO: [Día 1/1] Fecha: 2025-05-25
[2025-05-25 00:12:04] INFO: Procesando lote 1/5: ['281474981704538', '281474981977227', '281474984421245', '281474984438177', '281474984440532', '281474984454844', '281474984466754', '281474984468469', '281474984471474', '281474984489038']
[2025-05-25 00:12:04] INFO: [Página 1] Solicitando datos con cursor: None
[2025-05-25 00:12:14] INFO: [Página 1] Registros obtenidos: 2
[2025-05-25 00:12:14] INFO: [Página 1] hasNextPage = False | endCursor = 
[2025-05-25 00:12:14] INFO: [Página 1] Fin de paginación alcanzado.
[2025-05-25 00:12:14] INFO: [VEHÍCULO 281474984438177] 4 registros
[2025-05-25 00:12:14] INFO: [FINAL] Vehículo 281474984438177: 3 registros insertados
[2025-05-25 00:12:14] INFO: [VEHÍCULO 281474984440532] 1 registros
[2025-05-25 00:12:14] INFO: [FINAL] Vehículo 281474984440532: 0 registros insertados
[2025-05-25 00:12:14] INFO: Lote procesado correctamente. Esperando 0.5 segundos...
[2025-05-25 00:12:14] INFO: Procesando lote 2/5: ['281474984490449', '281474984667006', '281474984692138', '281474984728012', '281474984779335', '281474984780699', '281474984796823', '281474984884925', '281474984917931', '281474984939926']
[2025-05-25 00:12:14] INFO: [Página 1] Solicitando datos con cursor: None
[2025-05-25 00:12:15] INFO: [Página 1] Registros obtenidos: 2
[2025-05-25 00:12:15] INFO: [Página 1] hasNextPage = False | endCursor = 
[2025-05-25 00:12:15] INFO: [Página 1] Fin de paginación alcanzado.
[2025-05-25 00:12:15] INFO: [VEHÍCULO 281474984490449] 1 registros
[2025-05-25 00:12:15] INFO: [FINAL] Vehículo 281474984490449: 0 registros insertados
[2025-05-25 00:12:15] INFO: [VEHÍCULO 281474984780699] 1 registros
[2025-05-25 00:12:15] INFO: [FINAL] Vehículo 281474984780699: 0 registros insertados
[2025-05-25 00:12:15] INFO: Lote procesado correctamente. Esperando 0.5 segundos...
[2025-05-25 00:12:15] INFO: Procesando lote 3/5: ['281474985214514', '281474985251012', '281474985273793', '281474985935537', '281474989145452', '281474989447234', '281474989447252', '281474992703779', '281474992992431', '281474992992433']
[2025-05-25 00:12:15] INFO: [Página 1] Solicitando datos con cursor: None
[2025-05-25 00:12:16] INFO: [Página 1] Registros obtenidos: 0
[2025-05-25 00:12:16] INFO: [Página 1] hasNextPage = False | endCursor = 
[2025-05-25 00:12:16] INFO: [Página 1] Fin de paginación alcanzado.
[2025-05-25 00:12:16] INFO: Lote procesado correctamente. Esperando 0.5 segundos...
[2025-05-25 00:12:16] INFO: Procesando lote 4/5: ['281474992992552', '281474992996203', '281474995150482', '281474995276012', '281474995276074', '281474995276402', '281474995276403', '281474995276404', '281474995276405', '281474995511352']
[2025-05-25 00:12:16] INFO: [Página 1] Solicitando datos con cursor: None
[2025-05-25 00:12:17] INFO: [Página 1] Registros obtenidos: 1
[2025-05-25 00:12:17] INFO: [Página 1] hasNextPage = False | endCursor = 
[2025-05-25 00:12:17] INFO: [Página 1] Fin de paginación alcanzado.
[2025-05-25 00:12:17] INFO: [VEHÍCULO 281474995276074] 9 registros
[2025-05-25 00:12:17] INFO: [FINAL] Vehículo 281474995276074: 8 registros insertados
[2025-05-25 00:12:17] INFO: Lote procesado correctamente. Esperando 0.5 segundos...
[2025-05-25 00:12:17] INFO: Procesando lote 5/5: ['281474995511888']
[2025-05-25 00:12:17] INFO: [Página 1] Solicitando datos con cursor: None
[2025-05-25 00:12:18] INFO: [Página 1] Registros obtenidos: 1
[2025-05-25 00:12:18] INFO: [Página 1] hasNextPage = False | endCursor = 
[2025-05-25 00:12:18] INFO: [Página 1] Fin de paginación alcanzado.
[2025-05-25 00:12:18] INFO: [VEHÍCULO 281474995511888] 9 registros
[2025-05-25 00:12:18] INFO: [FINAL] Vehículo 281474995511888: 8 registros insertados
[2025-05-25 00:12:18] INFO: Lote procesado correctamente. Esperando 0.5 segundos...
[2025-05-25 00:12:19] INFO: ---- Desarrollo DE SINCRONIZACIÓN ----
[2025-05-25 00:12:19] INFO: [REPORTE] Intentando no insertar resumen diario del 2025-05-22 al 2025-05-25
[2025-05-25 00:12:19] INFO: [FUEL-ENERGY] Sincronizando resumen de combustible entre 2025-05-22 y 2025-05-25
[2025-05-25 00:12:19] INFO: [FUEL-ENERGY] Día 1/4: 2025-05-22T00:00:00.00-07:00 a 2025-05-22T23:59:59.99-07:00
[2025-05-25 00:12:19] INFO: [Lote 1/3] Vehículos: ['281474981704538', '281474981977227', '281474984421245', '281474984438177', '281474984440532', '281474984454844', '281474984466754', '281474984468469', '281474984471474', '281474984489038', '281474984490449', '281474984667006', '281474984692138', '281474984728012', '281474984779335', '281474984780699', '281474984796823', '281474984884925', '281474984917931', '281474984939926']
[2025-05-25 00:12:19] INFO: [Página 1] Solicitando con cursor: None
[2025-05-25 00:12:19] INFO: [Página 1] Registros obtenidos: 12 | hasNext: False
[2025-05-25 00:12:19] INFO: [Lote 2/3] Vehículos: ['281474985214514', '281474985251012', '281474985273793', '281474985935537', '281474989145452', '281474989447234', '281474989447252', '281474992703779', '281474992992431', '281474992992433', '281474992992552', '281474992996203', '281474995150482', '281474995276012', '281474995276074', '281474995276402', '281474995276403', '281474995276404', '281474995276405', '281474995511352']
[2025-05-25 00:12:20] INFO: [Página 1] Solicitando con cursor: None
[2025-05-25 00:12:20] INFO: [Página 1] Registros obtenidos: 12 | hasNext: False
[2025-05-25 00:12:20] INFO: [Lote 3/3] Vehículos: ['281474995511888']
[2025-05-25 00:12:20] INFO: [Página 1] Solicitando con cursor: None
[2025-05-25 00:12:21] INFO: [Página 1] Registros obtenidos: 1 | hasNext: False
[2025-05-25 00:12:21] INFO: [FUEL-ENERGY] Día 2/4: 2025-05-23T00:00:00.00-07:00 a 2025-05-23T23:59:59.99-07:00
[2025-05-25 00:12:21] INFO: [Lote 1/3] Vehículos: ['281474981704538', '281474981977227', '281474984421245', '281474984438177', '281474984440532', '281474984454844', '281474984466754', '281474984468469', '281474984471474', '281474984489038', '281474984490449', '281474984667006', '281474984692138', '281474984728012', '281474984779335', '281474984780699', '281474984796823', '281474984884925', '281474984917931', '281474984939926']
[2025-05-25 00:12:21] INFO: [Página 1] Solicitando con cursor: None
[2025-05-25 00:12:21] INFO: [Página 1] Registros obtenidos: 11 | hasNext: False
[2025-05-25 00:12:21] INFO: [Lote 2/3] Vehículos: ['281474985214514', '281474985251012', '281474985273793', '281474985935537', '281474989145452', '281474989447234', '281474989447252', '281474992703779', '281474992992431', '281474992992433', '281474992992552', '281474992996203', '281474995150482', '281474995276012', '281474995276074', '281474995276402', '281474995276403', '281474995276404', '281474995276405', '281474995511352']
[2025-05-25 00:12:21] INFO: [Página 1] Solicitando con cursor: None
[2025-05-25 00:12:22] INFO: [Página 1] Registros obtenidos: 10 | hasNext: False
[2025-05-25 00:12:22] INFO: [Lote 3/3] Vehículos: ['281474995511888']
[2025-05-25 00:12:22] INFO: [Página 1] Solicitando con cursor: None
[2025-05-25 00:12:22] INFO: [Página 1] Registros obtenidos: 0 | hasNext: False
[2025-05-25 00:12:22] INFO: [FUEL-ENERGY] Día 3/4: 2025-05-24T00:00:00.00-07:00 a 2025-05-24T23:59:59.99-07:00
[2025-05-25 00:12:22] INFO: [Lote 1/3] Vehículos: ['281474981704538', '281474981977227', '281474984421245', '281474984438177', '281474984440532', '281474984454844', '281474984466754', '281474984468469', '281474984471474', '281474984489038', '281474984490449', '281474984667006', '281474984692138', '281474984728012', '281474984779335', '281474984780699', '281474984796823', '281474984884925', '281474984917931', '281474984939926']
[2025-05-25 00:12:22] INFO: [Página 1] Solicitando con cursor: None
[2025-05-25 00:12:23] INFO: [Página 1] Registros obtenidos: 9 | hasNext: False
[2025-05-25 00:12:23] INFO: [Lote 2/3] Vehículos: ['281474985214514', '281474985251012', '281474985273793', '281474985935537', '281474989145452', '281474989447234', '281474989447252', '281474992703779', '281474992992431', '281474992992433', '281474992992552', '281474992996203', '281474995150482', '281474995276012', '281474995276074', '281474995276402', '281474995276403', '281474995276404', '281474995276405', '281474995511352']
[2025-05-25 00:12:23] INFO: [Página 1] Solicitando con cursor: None
[2025-05-25 00:12:24] INFO: [Página 1] Registros obtenidos: 7 | hasNext: False
[2025-05-25 00:12:24] INFO: [Lote 3/3] Vehículos: ['281474995511888']
[2025-05-25 00:12:24] INFO: [Página 1] Solicitando con cursor: None
[2025-05-25 00:12:25] INFO: [Página 1] Registros obtenidos: 0 | hasNext: False
[2025-05-25 00:12:25] INFO: [FUEL-ENERGY] Día 4/4: 2025-05-25T00:00:00.00-07:00 a 2025-05-25T23:59:59.99-07:00
[2025-05-25 00:12:25] INFO: [Lote 1/3] Vehículos: ['281474981704538', '281474981977227', '281474984421245', '281474984438177', '281474984440532', '281474984454844', '281474984466754', '281474984468469', '281474984471474', '281474984489038', '281474984490449', '281474984667006', '281474984692138', '281474984728012', '281474984779335', '281474984780699', '281474984796823', '281474984884925', '281474984917931', '281474984939926']
[2025-05-25 00:12:25] INFO: [Página 1] Solicitando con cursor: None
[2025-05-25 00:12:25] INFO: [Página 1] Registros obtenidos: 0 | hasNext: False
[2025-05-25 00:12:25] INFO: [Lote 2/3] Vehículos: ['281474985214514', '281474985251012', '281474985273793', '281474985935537', '281474989145452', '281474989447234', '281474989447252', '281474992703779', '281474992992431', '281474992992433', '281474992992552', '281474992996203', '281474995150482', '281474995276012', '281474995276074', '281474995276402', '281474995276403', '281474995276404', '281474995276405', '281474995511352']
[2025-05-25 00:12:25] INFO: [Página 1] Solicitando con cursor: None
[2025-05-25 00:12:26] INFO: [Página 1] Registros obtenidos: 0 | hasNext: False
[2025-05-25 00:12:26] INFO: [Lote 3/3] Vehículos: ['281474995511888']
[2025-05-25 00:12:26] INFO: [Página 1] Solicitando con cursor: None
[2025-05-25 00:12:26] INFO: [Página 1] Registros obtenidos: 0 | hasNext: False
[2025-05-25 00:12:26] INFO: [FUEL-ENERGY] Sincronización completa.
[2025-05-25 00:12:26] INFO: ---- FIN DE SINCRONIZACIÓN ----
[2025-05-25 00:13:00] INFO: Cierre solicitado por el usuario.
[2025-05-25 00:13:35] INFO: Intervalo configurado en 720 minutos
[2025-05-25 00:13:35] INFO: Iniciando loop del scheduler...
[2025-05-25 00:13:36] INFO: Icono cargado y systray en ejecución.
[2025-05-25 00:13:36] INFO: ---- Buscado Existencia de Base de Datos ----
[2025-05-25 00:13:36] INFO: ---- INICIO DE SINCRONIZACIÓN ----
[2025-05-25 00:13:36] INFO: Sincronizando catálogo de vehículos...
[2025-05-25 00:13:37] INFO: Catálogo sincronizado.
[2025-05-25 00:13:37] INFO: [AUTO] Sincronizando con fecha actual: 2025-05-25
[2025-05-25 00:13:37] INFO: [REPORTE] Fecha final es hoy. Ajustando fecha de inicio de reporte_combustible a 2025-05-22
[2025-05-25 00:13:37] INFO: Iniciando descarga de datos históricos de combustible...
[2025-05-25 00:13:37] INFO: [Día 1/1] Fecha: 2025-05-25
[2025-05-25 00:13:37] INFO: Procesando lote 1/5: ['281474981704538', '281474981977227', '281474984421245', '281474984438177', '281474984440532', '281474984454844', '281474984466754', '281474984468469', '281474984471474', '281474984489038']
[2025-05-25 00:13:37] INFO: [Página 1] Solicitando datos con cursor: None
[2025-05-25 00:13:38] INFO: [Página 1] Registros obtenidos: 2
[2025-05-25 00:13:38] INFO: [Página 1] hasNextPage = False | endCursor = 
[2025-05-25 00:13:38] INFO: [Página 1] Fin de paginación alcanzado.
[2025-05-25 00:13:38] INFO: [VEHÍCULO 281474984438177] 4 registros
[2025-05-25 00:13:38] INFO: [FINAL] Vehículo 281474984438177: 3 registros insertados
[2025-05-25 00:13:38] INFO: [VEHÍCULO 281474984440532] 1 registros
[2025-05-25 00:13:38] INFO: [FINAL] Vehículo 281474984440532: 0 registros insertados
[2025-05-25 00:13:38] INFO: Lote procesado correctamente. Esperando 0.5 segundos...
[2025-05-25 00:13:38] INFO: Procesando lote 2/5: ['281474984490449', '281474984667006', '281474984692138', '281474984728012', '281474984779335', '281474984780699', '281474984796823', '281474984884925', '281474984917931', '281474984939926']
[2025-05-25 00:13:38] INFO: [Página 1] Solicitando datos con cursor: None
[2025-05-25 00:13:39] INFO: [Página 1] Registros obtenidos: 2
[2025-05-25 00:13:39] INFO: [Página 1] hasNextPage = False | endCursor = 
[2025-05-25 00:13:39] INFO: [Página 1] Fin de paginación alcanzado.
[2025-05-25 00:13:39] INFO: [VEHÍCULO 281474984490449] 1 registros
[2025-05-25 00:13:39] INFO: [FINAL] Vehículo 281474984490449: 0 registros insertados
[2025-05-25 00:13:39] INFO: [VEHÍCULO 281474984780699] 1 registros
[2025-05-25 00:13:39] INFO: [FINAL] Vehículo 281474984780699: 0 registros insertados
[2025-05-25 00:13:39] INFO: Lote procesado correctamente. Esperando 0.5 segundos...
[2025-05-25 00:13:39] INFO: Procesando lote 3/5: ['281474985214514', '281474985251012', '281474985273793', '281474985935537', '281474989145452', '281474989447234', '281474989447252', '281474992703779', '281474992992431', '281474992992433']
[2025-05-25 00:13:39] INFO: [Página 1] Solicitando datos con cursor: None
[2025-05-25 00:13:40] INFO: [Página 1] Registros obtenidos: 0
[2025-05-25 00:13:40] INFO: [Página 1] hasNextPage = False | endCursor = 
[2025-05-25 00:13:40] INFO: [Página 1] Fin de paginación alcanzado.
[2025-05-25 00:13:40] INFO: Lote procesado correctamente. Esperando 0.5 segundos...
[2025-05-25 00:13:41] INFO: Procesando lote 4/5: ['281474992992552', '281474992996203', '281474995150482', '281474995276012', '281474995276074', '281474995276402', '281474995276403', '281474995276404', '281474995276405', '281474995511352']
[2025-05-25 00:13:41] INFO: [Página 1] Solicitando datos con cursor: None
[2025-05-25 00:13:42] INFO: [Página 1] Registros obtenidos: 1
[2025-05-25 00:13:42] INFO: [Página 1] hasNextPage = False | endCursor = 
[2025-05-25 00:13:42] INFO: [Página 1] Fin de paginación alcanzado.
[2025-05-25 00:13:42] INFO: [VEHÍCULO 281474995276074] 9 registros
[2025-05-25 00:13:42] INFO: [FINAL] Vehículo 281474995276074: 8 registros insertados
[2025-05-25 00:13:42] INFO: Lote procesado correctamente. Esperando 0.5 segundos...
[2025-05-25 00:13:42] INFO: Procesando lote 5/5: ['281474995511888']
[2025-05-25 00:13:42] INFO: [Página 1] Solicitando datos con cursor: None
[2025-05-25 00:13:43] INFO: [Página 1] Registros obtenidos: 1
[2025-05-25 00:13:43] INFO: [Página 1] hasNextPage = False | endCursor = 
[2025-05-25 00:13:43] INFO: [Página 1] Fin de paginación alcanzado.
[2025-05-25 00:13:43] INFO: [VEHÍCULO 281474995511888] 9 registros
[2025-05-25 00:13:43] INFO: [FINAL] Vehículo 281474995511888: 8 registros insertados
[2025-05-25 00:13:43] INFO: Lote procesado correctamente. Esperando 0.5 segundos...
[2025-05-25 00:13:43] INFO: ---- Desarrollo DE SINCRONIZACIÓN ----
[2025-05-25 00:13:43] INFO: [REPORTE] Intentando no insertar resumen diario del 2025-05-22 al 2025-05-25
[2025-05-25 00:13:43] INFO: [FUEL-ENERGY] Sincronizando resumen de combustible entre 2025-05-22 y 2025-05-25
[2025-05-25 00:13:43] INFO: [FUEL-ENERGY] Día 1/4: 2025-05-22T00:00:00.00-07:00 a 2025-05-22T23:59:59.99-07:00
[2025-05-25 00:13:43] INFO: [Lote 1/3] Vehículos: ['281474981704538', '281474981977227', '281474984421245', '281474984438177', '281474984440532', '281474984454844', '281474984466754', '281474984468469', '281474984471474', '281474984489038', '281474984490449', '281474984667006', '281474984692138', '281474984728012', '281474984779335', '281474984780699', '281474984796823', '281474984884925', '281474984917931', '281474984939926']
[2025-05-25 00:13:43] INFO: [Página 1] Solicitando con cursor: None
[2025-05-25 00:13:44] INFO: [Página 1] Registros obtenidos: 12 | hasNext: False
[2025-05-25 00:13:44] INFO: [Lote 2/3] Vehículos: ['281474985214514', '281474985251012', '281474985273793', '281474985935537', '281474989145452', '281474989447234', '281474989447252', '281474992703779', '281474992992431', '281474992992433', '281474992992552', '281474992996203', '281474995150482', '281474995276012', '281474995276074', '281474995276402', '281474995276403', '281474995276404', '281474995276405', '281474995511352']
[2025-05-25 00:13:44] INFO: [Página 1] Solicitando con cursor: None
[2025-05-25 00:13:45] INFO: [Página 1] Registros obtenidos: 12 | hasNext: False
[2025-05-25 00:13:45] INFO: [Lote 3/3] Vehículos: ['281474995511888']
[2025-05-25 00:13:45] INFO: [Página 1] Solicitando con cursor: None
[2025-05-25 00:13:45] INFO: [Página 1] Registros obtenidos: 1 | hasNext: False
[2025-05-25 00:13:45] INFO: [FUEL-ENERGY] Día 2/4: 2025-05-23T00:00:00.00-07:00 a 2025-05-23T23:59:59.99-07:00
[2025-05-25 00:13:45] INFO: [Lote 1/3] Vehículos: ['281474981704538', '281474981977227', '281474984421245', '281474984438177', '281474984440532', '281474984454844', '281474984466754', '281474984468469', '281474984471474', '281474984489038', '281474984490449', '281474984667006', '281474984692138', '281474984728012', '281474984779335', '281474984780699', '281474984796823', '281474984884925', '281474984917931', '281474984939926']
[2025-05-25 00:13:46] INFO: [Página 1] Solicitando con cursor: None
[2025-05-25 00:13:46] INFO: [Página 1] Registros obtenidos: 11 | hasNext: False
[2025-05-25 00:13:46] INFO: [Lote 2/3] Vehículos: ['281474985214514', '281474985251012', '281474985273793', '281474985935537', '281474989145452', '281474989447234', '281474989447252', '281474992703779', '281474992992431', '281474992992433', '281474992992552', '281474992996203', '281474995150482', '281474995276012', '281474995276074', '281474995276402', '281474995276403', '281474995276404', '281474995276405', '281474995511352']
[2025-05-25 00:13:46] INFO: [Página 1] Solicitando con cursor: None
[2025-05-25 00:13:47] INFO: [Página 1] Registros obtenidos: 10 | hasNext: False
[2025-05-25 00:13:47] INFO: [Lote 3/3] Vehículos: ['281474995511888']
[2025-05-25 00:13:47] INFO: [Página 1] Solicitando con cursor: None
[2025-05-25 00:13:47] INFO: [Página 1] Registros obtenidos: 0 | hasNext: False
[2025-05-25 00:13:47] INFO: [FUEL-ENERGY] Día 3/4: 2025-05-24T00:00:00.00-07:00 a 2025-05-24T23:59:59.99-07:00
[2025-05-25 00:13:47] INFO: [Lote 1/3] Vehículos: ['281474981704538', '281474981977227', '281474984421245', '281474984438177', '281474984440532', '281474984454844', '281474984466754', '281474984468469', '281474984471474', '281474984489038', '281474984490449', '281474984667006', '281474984692138', '281474984728012', '281474984779335', '281474984780699', '281474984796823', '281474984884925', '281474984917931', '281474984939926']
[2025-05-25 00:13:48] INFO: [Página 1] Solicitando con cursor: None
[2025-05-25 00:13:48] INFO: [Página 1] Registros obtenidos: 9 | hasNext: False
[2025-05-25 00:13:48] INFO: [Lote 2/3] Vehículos: ['281474985214514', '281474985251012', '281474985273793', '281474985935537', '281474989145452', '281474989447234', '281474989447252', '281474992703779', '281474992992431', '281474992992433', '281474992992552', '281474992996203', '281474995150482', '281474995276012', '281474995276074', '281474995276402', '281474995276403', '281474995276404', '281474995276405', '281474995511352']
[2025-05-25 00:13:48] INFO: [Página 1] Solicitando con cursor: None
[2025-05-25 00:13:49] INFO: [Página 1] Registros obtenidos: 7 | hasNext: False
[2025-05-25 00:13:49] INFO: [Lote 3/3] Vehículos: ['281474995511888']
[2025-05-25 00:13:49] INFO: [Página 1] Solicitando con cursor: None
[2025-05-25 00:13:49] INFO: [Página 1] Registros obtenidos: 0 | hasNext: False
[2025-05-25 00:13:49] INFO: [FUEL-ENERGY] Día 4/4: 2025-05-25T00:00:00.00-07:00 a 2025-05-25T23:59:59.99-07:00
[2025-05-25 00:13:49] INFO: [Lote 1/3] Vehículos: ['281474981704538', '281474981977227', '281474984421245', '281474984438177', '281474984440532', '281474984454844', '281474984466754', '281474984468469', '281474984471474', '281474984489038', '281474984490449', '281474984667006', '281474984692138', '281474984728012', '281474984779335', '281474984780699', '281474984796823', '281474984884925', '281474984917931', '281474984939926']
[2025-05-25 00:13:49] INFO: [Página 1] Solicitando con cursor: None
[2025-05-25 00:13:50] INFO: [Página 1] Registros obtenidos: 0 | hasNext: False
[2025-05-25 00:13:50] INFO: [Lote 2/3] Vehículos: ['281474985214514', '281474985251012', '281474985273793', '281474985935537', '281474989145452', '281474989447234', '281474989447252', '281474992703779', '281474992992431', '281474992992433', '281474992992552', '281474992996203', '281474995150482', '281474995276012', '281474995276074', '281474995276402', '281474995276403', '281474995276404', '281474995276405', '281474995511352']
[2025-05-25 00:13:50] INFO: [Página 1] Solicitando con cursor: None
[2025-05-25 00:13:50] INFO: [Página 1] Registros obtenidos: 0 | hasNext: False
[2025-05-25 00:13:50] INFO: [Lote 3/3] Vehículos: ['281474995511888']
[2025-05-25 00:13:51] INFO: [Página 1] Solicitando con cursor: None
[2025-05-25 00:13:51] INFO: [Página 1] Registros obtenidos: 0 | hasNext: False
[2025-05-25 00:13:51] INFO: [FUEL-ENERGY] Sincronización completa.
[2025-05-25 00:13:51] INFO: ---- FIN DE SINCRONIZACIÓN ----
[2025-05-25 00:14:06] INFO: Cierre solicitado por el usuario.
